# JRE version: OpenJDK Runtime Environment Temurin-17.0.5+8 (17.0.5+8) (build 17.0.5+8)
# Java VM: OpenJDK 64-Bit Server VM Temurin-17.0.5+8 (17.0.5+8, mixed mode, tiered, compressed oops, compressed class ptrs, parallel gc, windows-amd64)
GC Precious Log:
 CPUs: 4 total, 4 available
 Memory: 7075M
 Large Page Support: Disabled
 NUMA Support: Disabled
 Compressed Oops: Enabled (32-bit)
 Alignments: Space 512K, Generation 512K, Heap 2M
 Heap Min Capacity: 100M
 Heap Initial Capacity: 100M
 Heap Max Capacity: 1G
 Pre-touch: Disabled
 Parallel Workers: 4
Heap:
 PSYoungGen      total 19456K, used 19427K [0x00000000eab00000, 0x00000000ec880000, 0x0000000100000000)
  eden space 14336K, 100% used [0x00000000eab00000,0x00000000eb900000,0x00000000eb900000)
  from space 5120K, 99% used [0x00000000eb900000,0x00000000ebdf8d50,0x00000000ebe00000)
  to   space 7680K, 0% used [0x00000000ec100000,0x00000000ec100000,0x00000000ec880000)
 ParOldGen       total 343040K, used 331651K [0x00000000c0000000, 0x00000000d4f00000, 0x00000000eab00000)
  object space 343040K, 96% used [0x00000000c0000000,0x00000000d43e0dd0,0x00000000d4f00000)
 Metaspace       used 55481K, committed 56512K, reserved 1105920K
  class space    used 5786K, committed 6272K, reserved 1048576K
GC Heap History (20 events):
Event: 153.614 GC heap before
{Heap before GC invocations=211 (full 11):
 PSYoungGen      total 14848K, used 14822K [0x00000000eab00000, 0x00000000eca80000, 0x0000000100000000)
  eden space 7680K, 100% used [0x00000000eab00000,0x00000000eb280000,0x00000000eb280000)
  from space 7168K, 99% used [0x00000000eb280000,0x00000000eb979948,0x00000000eb980000)
  to   space 11776K, 0% used [0x00000000ebf00000,0x00000000ebf00000,0x00000000eca80000)
 ParOldGen       total 343040K, used 306305K [0x00000000c0000000, 0x00000000d4f00000, 0x00000000eab00000)
  object space 343040K, 89% used [0x00000000c0000000,0x00000000d2b205d8,0x00000000d4f00000)
 Metaspace       used 54563K, committed 55616K, reserved 1105920K
  class space    used 5686K, committed 6208K, reserved 1048576K
}
Event: 153.637 GC heap after
{Heap after GC invocations=211 (full 11):
 PSYoungGen      total 16896K, used 8074K [0x00000000eab00000, 0x00000000ec700000, 0x0000000100000000)
  eden space 8704K, 0% used [0x00000000eab00000,0x00000000eab00000,0x00000000eb380000)
  from space 8192K, 98% used [0x00000000ebf00000,0x00000000ec6e28c8,0x00000000ec700000)
  to   space 9216K, 0% used [0x00000000eb500000,0x00000000eb500000,0x00000000ebe00000)
 ParOldGen       total 343040K, used 310123K [0x00000000c0000000, 0x00000000d4f00000, 0x00000000eab00000)
  object space 343040K, 90% used [0x00000000c0000000,0x00000000d2edacc8,0x00000000d4f00000)
 Metaspace       used 54563K, committed 55616K, reserved 1105920K
  class space    used 5686K, committed 6208K, reserved 1048576K
}
Event: 154.779 GC heap before
{Heap before GC invocations=212 (full 11):
 PSYoungGen      total 16896K, used 16778K [0x00000000eab00000, 0x00000000ec700000, 0x0000000100000000)
  eden space 8704K, 100% used [0x00000000eab00000,0x00000000eb380000,0x00000000eb380000)
  from space 8192K, 98% used [0x00000000ebf00000,0x00000000ec6e28c8,0x00000000ec700000)
  to   space 9216K, 0% used [0x00000000eb500000,0x00000000eb500000,0x00000000ebe00000)
 ParOldGen       total 343040K, used 310123K [0x00000000c0000000, 0x00000000d4f00000, 0x00000000eab00000)
  object space 343040K, 90% used [0x00000000c0000000,0x00000000d2edacc8,0x00000000d4f00000)
 Metaspace       used 54796K, committed 55872K, reserved 1105920K
  class space    used 5715K, committed 6208K, reserved 1048576K
}
Event: 154.799 GC heap after
{Heap after GC invocations=212 (full 11):
 PSYoungGen      total 18944K, used 9200K [0x00000000eab00000, 0x00000000ecd80000, 0x0000000100000000)
  eden space 9728K, 0% used [0x00000000eab00000,0x00000000eab00000,0x00000000eb480000)
  from space 9216K, 99% used [0x00000000eb500000,0x00000000ebdfc258,0x00000000ebe00000)
  to   space 12800K, 0% used [0x00000000ec100000,0x00000000ec100000,0x00000000ecd80000)
 ParOldGen       total 343040K, used 312867K [0x00000000c0000000, 0x00000000d4f00000, 0x00000000eab00000)
  object space 343040K, 91% used [0x00000000c0000000,0x00000000d3188e70,0x00000000d4f00000)
 Metaspace       used 54796K, committed 55872K, reserved 1105920K
  class space    used 5715K, committed 6208K, reserved 1048576K
}
Event: 155.097 GC heap before
{Heap before GC invocations=213 (full 11):
 PSYoungGen      total 18944K, used 18928K [0x00000000eab00000, 0x00000000ecd80000, 0x0000000100000000)
  eden space 9728K, 100% used [0x00000000eab00000,0x00000000eb480000,0x00000000eb480000)
  from space 9216K, 99% used [0x00000000eb500000,0x00000000ebdfc258,0x00000000ebe00000)
  to   space 12800K, 0% used [0x00000000ec100000,0x00000000ec100000,0x00000000ecd80000)
 ParOldGen       total 343040K, used 312867K [0x00000000c0000000, 0x00000000d4f00000, 0x00000000eab00000)
  object space 343040K, 91% used [0x00000000c0000000,0x00000000d3188e70,0x00000000d4f00000)
 Metaspace       used 54972K, committed 56064K, reserved 1105920K
  class space    used 5741K, committed 6272K, reserved 1048576K
}
Event: 155.121 GC heap after
{Heap after GC invocations=213 (full 11):
 PSYoungGen      total 15360K, used 4237K [0x00000000eab00000, 0x00000000ec580000, 0x0000000100000000)
  eden space 10752K, 0% used [0x00000000eab00000,0x00000000eab00000,0x00000000eb580000)
  from space 4608K, 91% used [0x00000000ec100000,0x00000000ec5237b0,0x00000000ec580000)
  to   space 7168K, 0% used [0x00000000eb780000,0x00000000eb780000,0x00000000ebe80000)
 ParOldGen       total 343040K, used 319713K [0x00000000c0000000, 0x00000000d4f00000, 0x00000000eab00000)
  object space 343040K, 93% used [0x00000000c0000000,0x00000000d3838638,0x00000000d4f00000)
 Metaspace       used 54972K, committed 56064K, reserved 1105920K
  class space    used 5741K, committed 6272K, reserved 1048576K
}
Event: 155.270 GC heap before
{Heap before GC invocations=214 (full 11):
 PSYoungGen      total 15360K, used 14989K [0x00000000eab00000, 0x00000000ec580000, 0x0000000100000000)
  eden space 10752K, 100% used [0x00000000eab00000,0x00000000eb580000,0x00000000eb580000)
  from space 4608K, 91% used [0x00000000ec100000,0x00000000ec5237b0,0x00000000ec580000)
  to   space 7168K, 0% used [0x00000000eb780000,0x00000000eb780000,0x00000000ebe80000)
 ParOldGen       total 343040K, used 319713K [0x00000000c0000000, 0x00000000d4f00000, 0x00000000eab00000)
  object space 343040K, 93% used [0x00000000c0000000,0x00000000d3838638,0x00000000d4f00000)
 Metaspace       used 55044K, committed 56128K, reserved 1105920K
  class space    used 5751K, committed 6272K, reserved 1048576K
}
Event: 155.283 GC heap after
{Heap after GC invocations=214 (full 11):
 PSYoungGen      total 17408K, used 5318K [0x00000000eab00000, 0x00000000ec180000, 0x0000000100000000)
  eden space 11776K, 0% used [0x00000000eab00000,0x00000000eab00000,0x00000000eb680000)
  from space 5632K, 94% used [0x00000000eb780000,0x00000000ebcb1810,0x00000000ebd00000)
  to   space 4608K, 0% used [0x00000000ebd00000,0x00000000ebd00000,0x00000000ec180000)
 ParOldGen       total 343040K, used 319713K [0x00000000c0000000, 0x00000000d4f00000, 0x00000000eab00000)
  object space 343040K, 93% used [0x00000000c0000000,0x00000000d3838638,0x00000000d4f00000)
 Metaspace       used 55044K, committed 56128K, reserved 1105920K
  class space    used 5751K, committed 6272K, reserved 1048576K
}
Event: 155.449 GC heap before
{Heap before GC invocations=215 (full 11):
 PSYoungGen      total 17408K, used 17094K [0x00000000eab00000, 0x00000000ec180000, 0x0000000100000000)
  eden space 11776K, 100% used [0x00000000eab00000,0x00000000eb680000,0x00000000eb680000)
  from space 5632K, 94% used [0x00000000eb780000,0x00000000ebcb1810,0x00000000ebd00000)
  to   space 4608K, 0% used [0x00000000ebd00000,0x00000000ebd00000,0x00000000ec180000)
 ParOldGen       total 343040K, used 319713K [0x00000000c0000000, 0x00000000d4f00000, 0x00000000eab00000)
  object space 343040K, 93% used [0x00000000c0000000,0x00000000d3838638,0x00000000d4f00000)
 Metaspace       used 55067K, committed 56128K, reserved 1105920K
  class space    used 5753K, committed 6272K, reserved 1048576K
}
Event: 155.462 GC heap after
{Heap after GC invocations=215 (full 11):
 PSYoungGen      total 15872K, used 4593K [0x00000000eab00000, 0x00000000ec580000, 0x0000000100000000)
  eden space 11264K, 0% used [0x00000000eab00000,0x00000000eab00000,0x00000000eb600000)
  from space 4608K, 99% used [0x00000000ebd00000,0x00000000ec17c780,0x00000000ec180000)
  to   space 7168K, 0% used [0x00000000eb600000,0x00000000eb600000,0x00000000ebd00000)
 ParOldGen       total 343040K, used 321729K [0x00000000c0000000, 0x00000000d4f00000, 0x00000000eab00000)
  object space 343040K, 93% used [0x00000000c0000000,0x00000000d3a307c8,0x00000000d4f00000)
 Metaspace       used 55067K, committed 56128K, reserved 1105920K
  class space    used 5753K, committed 6272K, reserved 1048576K
}
Event: 156.046 GC heap before
{Heap before GC invocations=216 (full 11):
 PSYoungGen      total 15872K, used 15857K [0x00000000eab00000, 0x00000000ec580000, 0x0000000100000000)
  eden space 11264K, 100% used [0x00000000eab00000,0x00000000eb600000,0x00000000eb600000)
  from space 4608K, 99% used [0x00000000ebd00000,0x00000000ec17c780,0x00000000ec180000)
  to   space 7168K, 0% used [0x00000000eb600000,0x00000000eb600000,0x00000000ebd00000)
 ParOldGen       total 343040K, used 321729K [0x00000000c0000000, 0x00000000d4f00000, 0x00000000eab00000)
  object space 343040K, 93% used [0x00000000c0000000,0x00000000d3a307c8,0x00000000d4f00000)
 Metaspace       used 55144K, committed 56256K, reserved 1105920K
  class space    used 5758K, committed 6272K, reserved 1048576K
}
Event: 156.061 GC heap after
{Heap after GC invocations=216 (full 11):
 PSYoungGen      total 15360K, used 3995K [0x00000000eab00000, 0x00000000ec100000, 0x0000000100000000)
  eden space 11264K, 0% used [0x00000000eab00000,0x00000000eab00000,0x00000000eb600000)
  from space 4096K, 97% used [0x00000000eb600000,0x00000000eb9e6f70,0x00000000eba00000)
  to   space 5120K, 0% used [0x00000000ebc00000,0x00000000ebc00000,0x00000000ec100000)
 ParOldGen       total 343040K, used 324642K [0x00000000c0000000, 0x00000000d4f00000, 0x00000000eab00000)
  object space 343040K, 94% used [0x00000000c0000000,0x00000000d3d08968,0x00000000d4f00000)
 Metaspace       used 55144K, committed 56256K, reserved 1105920K
  class space    used 5758K, committed 6272K, reserved 1048576K
}
Event: 156.573 GC heap before
{Heap before GC invocations=217 (full 11):
 PSYoungGen      total 15360K, used 15259K [0x00000000eab00000, 0x00000000ec100000, 0x0000000100000000)
  eden space 11264K, 100% used [0x00000000eab00000,0x00000000eb600000,0x00000000eb600000)
  from space 4096K, 97% used [0x00000000eb600000,0x00000000eb9e6f70,0x00000000eba00000)
  to   space 5120K, 0% used [0x00000000ebc00000,0x00000000ebc00000,0x00000000ec100000)
 ParOldGen       total 343040K, used 324642K [0x00000000c0000000, 0x00000000d4f00000, 0x00000000eab00000)
  object space 343040K, 94% used [0x00000000c0000000,0x00000000d3d08968,0x00000000d4f00000)
 Metaspace       used 55459K, committed 56512K, reserved 1105920K
  class space    used 5786K, committed 6272K, reserved 1048576K
}
Event: 156.587 GC heap after
{Heap after GC invocations=217 (full 11):
 PSYoungGen      total 16896K, used 5091K [0x00000000eab00000, 0x00000000ec200000, 0x0000000100000000)
  eden space 11776K, 0% used [0x00000000eab00000,0x00000000eab00000,0x00000000eb680000)
  from space 5120K, 99% used [0x00000000ebc00000,0x00000000ec0f8f10,0x00000000ec100000)
  to   space 5632K, 0% used [0x00000000eb680000,0x00000000eb680000,0x00000000ebc00000)
 ParOldGen       total 343040K, used 324802K [0x00000000c0000000, 0x00000000d4f00000, 0x00000000eab00000)
  object space 343040K, 94% used [0x00000000c0000000,0x00000000d3d30978,0x00000000d4f00000)
 Metaspace       used 55459K, committed 56512K, reserved 1105920K
  class space    used 5786K, committed 6272K, reserved 1048576K
}
Event: 156.803 GC heap before
{Heap before GC invocations=218 (full 11):
 PSYoungGen      total 16896K, used 16867K [0x00000000eab00000, 0x00000000ec200000, 0x0000000100000000)
  eden space 11776K, 100% used [0x00000000eab00000,0x00000000eb680000,0x00000000eb680000)
  from space 5120K, 99% used [0x00000000ebc00000,0x00000000ec0f8f10,0x00000000ec100000)
  to   space 5632K, 0% used [0x00000000eb680000,0x00000000eb680000,0x00000000ebc00000)
 ParOldGen       total 343040K, used 324802K [0x00000000c0000000, 0x00000000d4f00000, 0x00000000eab00000)
  object space 343040K, 94% used [0x00000000c0000000,0x00000000d3d30978,0x00000000d4f00000)
 Metaspace       used 55462K, committed 56512K, reserved 1105920K
  class space    used 5786K, committed 6272K, reserved 1048576K
}
Event: 156.820 GC heap after
{Heap after GC invocations=218 (full 11):
 PSYoungGen      total 17408K, used 5607K [0x00000000eab00000, 0x00000000ec780000, 0x0000000100000000)
  eden space 11776K, 0% used [0x00000000eab00000,0x00000000eab00000,0x00000000eb680000)
  from space 5632K, 99% used [0x00000000eb680000,0x00000000ebbf9c00,0x00000000ebc00000)
  to   space 8192K, 0% used [0x00000000ebf80000,0x00000000ebf80000,0x00000000ec780000)
 ParOldGen       total 343040K, used 326518K [0x00000000c0000000, 0x00000000d4f00000, 0x00000000eab00000)
  object space 343040K, 95% used [0x00000000c0000000,0x00000000d3edd928,0x00000000d4f00000)
 Metaspace       used 55462K, committed 56512K, reserved 1105920K
  class space    used 5786K, committed 6272K, reserved 1048576K
}
Event: 156.872 GC heap before
{Heap before GC invocations=219 (full 11):
 PSYoungGen      total 17408K, used 17383K [0x00000000eab00000, 0x00000000ec780000, 0x0000000100000000)
  eden space 11776K, 100% used [0x00000000eab00000,0x00000000eb680000,0x00000000eb680000)
  from space 5632K, 99% used [0x00000000eb680000,0x00000000ebbf9c00,0x00000000ebc00000)
  to   space 8192K, 0% used [0x00000000ebf80000,0x00000000ebf80000,0x00000000ec780000)
 ParOldGen       total 343040K, used 326518K [0x00000000c0000000, 0x00000000d4f00000, 0x00000000eab00000)
  object space 343040K, 95% used [0x00000000c0000000,0x00000000d3edd928,0x00000000d4f00000)
 Metaspace       used 55464K, committed 56512K, reserved 1105920K
  class space    used 5786K, committed 6272K, reserved 1048576K
}
Event: 156.890 GC heap after
{Heap after GC invocations=219 (full 11):
 PSYoungGen      total 16896K, used 3407K [0x00000000eab00000, 0x00000000ec300000, 0x0000000100000000)
  eden space 13312K, 0% used [0x00000000eab00000,0x00000000eab00000,0x00000000eb800000)
  from space 3584K, 95% used [0x00000000ebf80000,0x00000000ec2d3d20,0x00000000ec300000)
  to   space 5120K, 0% used [0x00000000eb900000,0x00000000eb900000,0x00000000ebe00000)
 ParOldGen       total 343040K, used 329924K [0x00000000c0000000, 0x00000000d4f00000, 0x00000000eab00000)
  object space 343040K, 96% used [0x00000000c0000000,0x00000000d42313b0,0x00000000d4f00000)
 Metaspace       used 55464K, committed 56512K, reserved 1105920K
  class space    used 5786K, committed 6272K, reserved 1048576K
}
Event: 157.029 GC heap before
{Heap before GC invocations=220 (full 11):
 PSYoungGen      total 16896K, used 16719K [0x00000000eab00000, 0x00000000ec300000, 0x0000000100000000)
  eden space 13312K, 100% used [0x00000000eab00000,0x00000000eb800000,0x00000000eb800000)
  from space 3584K, 95% used [0x00000000ebf80000,0x00000000ec2d3d20,0x00000000ec300000)
  to   space 5120K, 0% used [0x00000000eb900000,0x00000000eb900000,0x00000000ebe00000)
 ParOldGen       total 343040K, used 329924K [0x00000000c0000000, 0x00000000d4f00000, 0x00000000eab00000)
  object space 343040K, 96% used [0x00000000c0000000,0x00000000d42313b0,0x00000000d4f00000)
 Metaspace       used 55480K, committed 56512K, reserved 1105920K
  class space    used 5786K, committed 6272K, reserved 1048576K
}
Event: 157.044 GC heap after
{Heap after GC invocations=220 (full 11):
 PSYoungGen      total 19456K, used 5091K [0x00000000eab00000, 0x00000000ec880000, 0x0000000100000000)
  eden space 14336K, 0% used [0x00000000eab00000,0x00000000eab00000,0x00000000eb900000)
  from space 5120K, 99% used [0x00000000eb900000,0x00000000ebdf8d50,0x00000000ebe00000)
  to   space 7680K, 0% used [0x00000000ec100000,0x00000000ec100000,0x00000000ec880000)
 ParOldGen       total 343040K, used 331651K [0x00000000c0000000, 0x00000000d4f00000, 0x00000000eab00000)
  object space 343040K, 96% used [0x00000000c0000000,0x00000000d43e0dd0,0x00000000d4f00000)
 Metaspace       used 55480K, committed 56512K, reserved 1105920K
  class space    used 5786K, committed 6272K, reserved 1048576K
}

